c:\users\timin\desktop\c++\kolkoikrzyzyk\kolkoikrzyzyk\debug\vc142.pdb
c:\users\timin\desktop\c++\kolkoikrzyzyk\kolkoikrzyzyk\debug\.netframework,version=v4.7.1.assemblyattributes.obj
c:\users\timin\desktop\c++\kolkoikrzyzyk\kolkoikrzyzyk\debug\myform.obj
c:\users\timin\desktop\c++\kolkoikrzyzyk\kolkoikrzyzyk\debug\gierka.obj
c:\users\timin\desktop\c++\kolkoikrzyzyk\kolkoikrzyzyk\debug\kolkoikrzyzyk.gierka.resources
c:\users\timin\desktop\c++\kolkoikrzyzyk\kolkoikrzyzyk\debug\kolkoikrzyzyk.myform.resources
c:\users\timin\desktop\c++\kolkoikrzyzyk\kolkoikrzyzyk\debug\kolkoikrzyzyk.vcxproj.generateresource.cache
c:\users\timin\desktop\c++\kolkoikrzyzyk\debug\kolkoikrzyzyk.pdb
c:\users\timin\desktop\c++\kolkoikrzyzyk\kolkoikrzyzyk\debug\kolkoikrzyzyk.tlog\cl.command.1.tlog
c:\users\timin\desktop\c++\kolkoikrzyzyk\kolkoikrzyzyk\debug\kolkoikrzyzyk.tlog\cl.read.1.tlog
c:\users\timin\desktop\c++\kolkoikrzyzyk\kolkoikrzyzyk\debug\kolkoikrzyzyk.tlog\cl.write.1.tlog
c:\users\timin\desktop\c++\kolkoikrzyzyk\kolkoikrzyzyk\debug\kolkoikrzyzyk.tlog\kolkoikrzyzyk.write.1u.tlog
c:\users\timin\desktop\c++\kolkoikrzyzyk\kolkoikrzyzyk\debug\kolkoikrzyzyk.tlog\link.5824-cvtres.read.1.tlog
c:\users\timin\desktop\c++\kolkoikrzyzyk\kolkoikrzyzyk\debug\kolkoikrzyzyk.tlog\link.5824-cvtres.write.1.tlog
c:\users\timin\desktop\c++\kolkoikrzyzyk\kolkoikrzyzyk\debug\kolkoikrzyzyk.tlog\link.5824-rc.read.1.tlog
c:\users\timin\desktop\c++\kolkoikrzyzyk\kolkoikrzyzyk\debug\kolkoikrzyzyk.tlog\link.5824-rc.write.1.tlog
c:\users\timin\desktop\c++\kolkoikrzyzyk\kolkoikrzyzyk\debug\kolkoikrzyzyk.tlog\link.5824.read.1.tlog
c:\users\timin\desktop\c++\kolkoikrzyzyk\kolkoikrzyzyk\debug\kolkoikrzyzyk.tlog\link.5824.write.1.tlog
c:\users\timin\desktop\c++\kolkoikrzyzyk\kolkoikrzyzyk\debug\kolkoikrzyzyk.tlog\link.command.1.tlog
c:\users\timin\desktop\c++\kolkoikrzyzyk\kolkoikrzyzyk\debug\kolkoikrzyzyk.tlog\link.read.1.tlog
c:\users\timin\desktop\c++\kolkoikrzyzyk\kolkoikrzyzyk\debug\kolkoikrzyzyk.tlog\link.write.1.tlog
c:\users\timin\desktop\c++\kolkoikrzyzyk\kolkoikrzyzyk\debug\kolkoikrzyzyk.tlog\metagen.read.1.tlog
c:\users\timin\desktop\c++\kolkoikrzyzyk\kolkoikrzyzyk\debug\kolkoikrzyzyk.tlog\metagen.write.1.tlog
